message number = 0, process id = 17058, time and date = 16:59:28 02/05/14
 Switched on high-priority job 0

message number = 1, process id = 17058, time and date = 16:59:29 02/05/14
 Switched off high-priority job 0

message number = 2, process id = 17058, time and date = 16:59:29 02/05/14
 Switched on high-priority job 1

message number = 3, process id = 17058, time and date = 16:59:30 02/05/14
 Switched off high-priority job 1

message number = 4, process id = 17058, time and date = 16:59:30 02/05/14
 Switched on high-priority job 2

message number = 5, process id = 17058, time and date = 16:59:31 02/05/14
 Switched off high-priority job 2

message number = 6, process id = 17058, time and date = 16:59:31 02/05/14
 Switched on high-priority job 3

message number = 7, process id = 17058, time and date = 16:59:32 02/05/14
 Switched off high-priority job 3

message number = 8, process id = 17058, time and date = 16:59:32 02/05/14
 Switched on high-priority job 4

message number = 9, process id = 17058, time and date = 16:59:33 02/05/14
 job 4 done

message number = 10, process id = 17058, time and date = 16:59:33 02/05/14
 Switched on high-priority job 0

message number = 11, process id = 17058, time and date = 16:59:33 02/05/14
 Switched off high-priority job 0

message number = 12, process id = 17058, time and date = 16:59:33 02/05/14
 Switched on high-priority job 1

message number = 13, process id = 17058, time and date = 16:59:34 02/05/14
 Switched off high-priority job 1

message number = 14, process id = 17058, time and date = 16:59:34 02/05/14
 Switched on high-priority job 2

message number = 15, process id = 17058, time and date = 16:59:35 02/05/14
 Switched off high-priority job 2

message number = 16, process id = 17058, time and date = 16:59:35 02/05/14
 Switched on high-priority job 3

message number = 17, process id = 17058, time and date = 16:59:36 02/05/14
 job 3 done

message number = 18, process id = 17058, time and date = 16:59:36 02/05/14
 Switched on medium-priority job 0

message number = 19, process id = 17058, time and date = 16:59:36 02/05/14
 Switched off medium-priority job 0

message number = 20, process id = 17058, time and date = 16:59:36 02/05/14
 Switched on medium-priority job 1

message number = 21, process id = 17058, time and date = 16:59:37 02/05/14
 job 1 done

message number = 22, process id = 17058, time and date = 16:59:37 02/05/14
 Switched on medium-priority job 2

message number = 23, process id = 17058, time and date = 16:59:37 02/05/14
 Switched off medium-priority job 2

message number = 24, process id = 17058, time and date = 16:59:37 02/05/14
 Switched on medium-priority job 0

message number = 25, process id = 17058, time and date = 16:59:38 02/05/14
 Switched off medium-priority job 0

message number = 26, process id = 17058, time and date = 16:59:38 02/05/14
 Switched on medium-priority job 2

message number = 27, process id = 17058, time and date = 16:59:39 02/05/14
 Switched off medium-priority job 2

message number = 28, process id = 17058, time and date = 16:59:39 02/05/14
 Switched on medium-priority job 0

message number = 29, process id = 17058, time and date = 16:59:40 02/05/14
 Switched off medium-priority job 0

message number = 30, process id = 17058, time and date = 16:59:40 02/05/14
 Switched on medium-priority job 2

message number = 31, process id = 17058, time and date = 16:59:41 02/05/14
 Switched off medium-priority job 2

message number = 32, process id = 17058, time and date = 16:59:41 02/05/14
 Switched on medium-priority job 0

message number = 33, process id = 17058, time and date = 16:59:42 02/05/14
 Switched off medium-priority job 0

message number = 34, process id = 17058, time and date = 16:59:42 02/05/14
 Switched on medium-priority job 2

message number = 35, process id = 17058, time and date = 16:59:43 02/05/14
 Switched off medium-priority job 2

message number = 36, process id = 17058, time and date = 16:59:43 02/05/14
 Switched on low-priority job 0

message number = 37, process id = 17058, time and date = 16:59:44 02/05/14
 Switched off low-priority job 0

message number = 38, process id = 17058, time and date = 16:59:44 02/05/14
 Switched on low-priority job 2

message number = 39, process id = 17058, time and date = 16:59:45 02/05/14
 job 2 done

message number = 40, process id = 17058, time and date = 16:59:45 02/05/14
 Switched on low-priority job 0

message number = 41, process id = 17058, time and date = 16:59:45 02/05/14
 Switched off low-priority job 0

message number = 42, process id = 17058, time and date = 16:59:45 02/05/14
 Switched on low-priority job 0

message number = 43, process id = 17058, time and date = 16:59:46 02/05/14
 Switched off low-priority job 0

message number = 44, process id = 17058, time and date = 16:59:46 02/05/14
 Switched on low-priority job 0

message number = 45, process id = 17058, time and date = 16:59:47 02/05/14
 Switched off low-priority job 0

message number = 46, process id = 17058, time and date = 16:59:47 02/05/14
 Switched on low-priority job 0

message number = 47, process id = 17058, time and date = 16:59:47 02/05/14
 job 0 done

message number = 48, process id = 17058, time and date = 16:59:47 02/05/14
 All jobs done

